<?xml version="1.0" encoding="UTF-8"?>
<testng-results skipped="0" failed="0" ignored="0" total="1" passed="1">
  <reporter-output>
  </reporter-output>
  <suite name="Suite" duration-ms="32" started-at="2018-08-12T07:46:53Z" finished-at="2018-08-12T07:46:53Z">
    <groups>
    </groups>
    <test name="HelloWorldApp" duration-ms="32" started-at="2018-08-12T07:46:53Z" finished-at="2018-08-12T07:46:53Z">
      <class name="com.helloworld.HelloWorldTest">
        <test-method status="PASS" signature="printHellowWorld()[pri:0, instance:com.helloworld.HelloWorldTest@7e0ea639]" name="printHellowWorld" duration-ms="4" started-at="2018-08-12T07:46:53Z" finished-at="2018-08-12T07:46:53Z">
          <reporter-output>
          </reporter-output>
        </test-method> <!-- printHellowWorld -->
      </class> <!-- com.helloworld.HelloWorldTest -->
    </test> <!-- HelloWorldApp -->
  </suite> <!-- Suite -->
</testng-results>
