<?xml version="1.0" encoding="UTF-8"?>
<testng-results skipped="0" failed="0" ignored="0" total="1" passed="1">
  <reporter-output>
  </reporter-output>
  <suite name="Default suite" duration-ms="45" started-at="2018-08-12T08:00:47Z" finished-at="2018-08-12T08:00:47Z">
    <groups>
    </groups>
    <test name="Default test" duration-ms="45" started-at="2018-08-12T08:00:47Z" finished-at="2018-08-12T08:00:47Z">
      <class name="com.helloworld.HelloWorldTest">
        <test-method status="PASS" signature="printHellowWorld()[pri:0, instance:com.helloworld.HelloWorldTest@643b1d11]" name="printHellowWorld" duration-ms="12" started-at="2018-08-12T08:00:47Z" finished-at="2018-08-12T08:00:47Z">
          <reporter-output>
          </reporter-output>
        </test-method> <!-- printHellowWorld -->
      </class> <!-- com.helloworld.HelloWorldTest -->
    </test> <!-- Default test -->
  </suite> <!-- Default suite -->
</testng-results>
